<?xml version="1.0" encoding="UTF-8"?>
<!-- Generated by org.testng.reporters.JUnitReportReporter -->
<testsuite hostname="DESKTOP-AUJ1KT1" failures="0" tests="1" name="DIY.DIY.test" time="32.589" errors="0" timestamp="2021-08-01T17:12:28 IST" skipped="0">
  <testcase classname="DIY.DIY.test" name="totalValidation" time="32.589"/>
  <system-out/>
</testsuite> <!-- DIY.DIY.test -->
